[1213/110359.500:ERROR:directory_reader_win.cc(43)] FindFirstFile: Системе не удается найти указанный путь. (0x3)
[1213/130644.312:ERROR:process_reader_win.cc(151)] SuspendThread: Отказано в доступе. (0x5)
[1213/130644.312:ERROR:process_reader_win.cc(151)] SuspendThread: Отказано в доступе. (0x5)
[1213/130644.312:ERROR:process_reader_win.cc(151)] SuspendThread: Отказано в доступе. (0x5)
[1213/130644.312:ERROR:process_reader_win.cc(151)] SuspendThread: Отказано в доступе. (0x5)
[1213/130644.312:ERROR:process_reader_win.cc(151)] SuspendThread: Отказано в доступе. (0x5)
[1213/130644.312:ERROR:process_reader_win.cc(151)] SuspendThread: Отказано в доступе. (0x5)
[1213/130644.312:ERROR:process_reader_win.cc(151)] SuspendThread: Отказано в доступе. (0x5)
[1213/130644.312:ERROR:process_reader_win.cc(151)] SuspendThread: Отказано в доступе. (0x5)
[1213/130644.312:ERROR:process_reader_win.cc(151)] SuspendThread: Отказано в доступе. (0x5)
[1213/130644.312:ERROR:process_reader_win.cc(151)] SuspendThread: Отказано в доступе. (0x5)
[1213/130644.312:ERROR:process_reader_win.cc(123)] NtOpenThread: {Отказано в доступе} Процесс запросил доступ к объекту, но права на доступ не предоставлены. (0xc0000022)
[1213/130644.312:ERROR:exception_snapshot_win.cc(99)] thread ID 7316 not found in process
[1213/130644.328:ERROR:process_reader_win.cc(151)] SuspendThread: Отказано в доступе. (0x5)
[1213/130644.328:ERROR:process_reader_win.cc(151)] SuspendThread: Отказано в доступе. (0x5)
[1213/130644.328:ERROR:process_reader_win.cc(151)] SuspendThread: Отказано в доступе. (0x5)
[1213/130644.328:ERROR:process_reader_win.cc(151)] SuspendThread: Отказано в доступе. (0x5)
[1213/130644.328:ERROR:process_reader_win.cc(151)] SuspendThread: Отказано в доступе. (0x5)
[1213/130644.328:ERROR:process_reader_win.cc(151)] SuspendThread: Отказано в доступе. (0x5)
[1213/130644.328:ERROR:process_reader_win.cc(151)] SuspendThread: Отказано в доступе. (0x5)
[1213/130644.328:ERROR:process_reader_win.cc(151)] SuspendThread: Отказано в доступе. (0x5)
[1213/130644.328:ERROR:process_reader_win.cc(151)] SuspendThread: Отказано в доступе. (0x5)
[1213/130644.328:ERROR:process_reader_win.cc(151)] SuspendThread: Отказано в доступе. (0x5)
[1213/130644.328:ERROR:process_reader_win.cc(123)] NtOpenThread: {Отказано в доступе} Процесс запросил доступ к объекту, но права на доступ не предоставлены. (0xc0000022)
[1213/130644.328:ERROR:exception_snapshot_win.cc(99)] thread ID 8288 not found in process
[1213/130644.359:ERROR:process_reader_win.cc(151)] SuspendThread: Отказано в доступе. (0x5)
[1213/130644.359:ERROR:process_reader_win.cc(151)] SuspendThread: Отказано в доступе. (0x5)
[1213/130644.359:ERROR:process_reader_win.cc(151)] SuspendThread: Отказано в доступе. (0x5)
[1213/130644.359:ERROR:process_reader_win.cc(151)] SuspendThread: Отказано в доступе. (0x5)
[1213/130644.359:ERROR:process_reader_win.cc(151)] SuspendThread: Отказано в доступе. (0x5)
[1213/130644.359:ERROR:process_reader_win.cc(151)] SuspendThread: Отказано в доступе. (0x5)
[1213/130644.359:ERROR:process_reader_win.cc(151)] SuspendThread: Отказано в доступе. (0x5)
[1213/130644.359:ERROR:process_reader_win.cc(151)] SuspendThread: Отказано в доступе. (0x5)
[1213/130644.359:ERROR:process_reader_win.cc(151)] SuspendThread: Отказано в доступе. (0x5)
[1213/130644.359:ERROR:process_reader_win.cc(151)] SuspendThread: Отказано в доступе. (0x5)
[1213/130644.359:ERROR:process_reader_win.cc(151)] SuspendThread: Отказано в доступе. (0x5)
[1213/130644.359:ERROR:process_reader_win.cc(151)] SuspendThread: Отказано в доступе. (0x5)
[1213/130644.359:ERROR:process_reader_win.cc(151)] SuspendThread: Отказано в доступе. (0x5)
[1213/130644.359:ERROR:process_reader_win.cc(151)] SuspendThread: Отказано в доступе. (0x5)
[1213/130644.359:ERROR:process_reader_win.cc(151)] SuspendThread: Отказано в доступе. (0x5)
[1213/130644.359:ERROR:process_reader_win.cc(151)] SuspendThread: Отказано в доступе. (0x5)
[1213/130644.359:ERROR:process_reader_win.cc(123)] NtOpenThread: {Отказано в доступе} Процесс запросил доступ к объекту, но права на доступ не предоставлены. (0xc0000022)
[1213/130644.359:ERROR:exception_snapshot_win.cc(99)] thread ID 7972 not found in process
[1213/130644.390:ERROR:process_reader_win.cc(151)] SuspendThread: Отказано в доступе. (0x5)
[1213/130644.390:ERROR:process_reader_win.cc(151)] SuspendThread: Отказано в доступе. (0x5)
[1213/130644.390:ERROR:process_reader_win.cc(151)] SuspendThread: Отказано в доступе. (0x5)
[1213/130644.390:ERROR:process_reader_win.cc(151)] SuspendThread: Отказано в доступе. (0x5)
[1213/130644.390:ERROR:process_reader_win.cc(151)] SuspendThread: Отказано в доступе. (0x5)
[1213/130644.390:ERROR:process_reader_win.cc(151)] SuspendThread: Отказано в доступе. (0x5)
[1213/130644.390:ERROR:process_reader_win.cc(151)] SuspendThread: Отказано в доступе. (0x5)
[1213/130644.390:ERROR:process_reader_win.cc(151)] SuspendThread: Отказано в доступе. (0x5)
[1213/130644.390:ERROR:process_reader_win.cc(151)] SuspendThread: Отказано в доступе. (0x5)
[1213/130644.390:ERROR:process_reader_win.cc(151)] SuspendThread: Отказано в доступе. (0x5)
[1213/130644.390:ERROR:process_reader_win.cc(151)] SuspendThread: Отказано в доступе. (0x5)
[1213/130644.390:ERROR:process_reader_win.cc(151)] SuspendThread: Отказано в доступе. (0x5)
[1213/130644.390:ERROR:process_reader_win.cc(123)] NtOpenThread: {Отказано в доступе} Процесс запросил доступ к объекту, но права на доступ не предоставлены. (0xc0000022)
[1213/130644.390:ERROR:exception_snapshot_win.cc(99)] thread ID 1028 not found in process
[1214/101746.735:ERROR:directory_reader_win.cc(43)] FindFirstFile: Системе не удается найти указанный путь. (0x3)
[1214/214456.926:ERROR:process_reader_win.cc(123)] NtOpenThread: {Отказано в доступе} Процесс запросил доступ к объекту, но права на доступ не предоставлены. (0xc0000022)
[1214/214456.926:ERROR:exception_snapshot_win.cc(99)] thread ID 1000 not found in process
[1214/214456.926:ERROR:process_reader_win.cc(151)] SuspendThread: Отказано в доступе. (0x5)
[1214/214456.926:ERROR:process_reader_win.cc(151)] SuspendThread: Отказано в доступе. (0x5)
[1214/214456.926:ERROR:process_reader_win.cc(151)] SuspendThread: Отказано в доступе. (0x5)
[1214/214456.926:ERROR:process_reader_win.cc(151)] SuspendThread: Отказано в доступе. (0x5)
[1214/214456.926:ERROR:process_reader_win.cc(151)] SuspendThread: Отказано в доступе. (0x5)
[1214/214456.926:ERROR:process_reader_win.cc(151)] SuspendThread: Отказано в доступе. (0x5)
[1214/214456.926:ERROR:process_reader_win.cc(151)] SuspendThread: Отказано в доступе. (0x5)
[1214/214456.926:ERROR:process_reader_win.cc(151)] SuspendThread: Отказано в доступе. (0x5)
[1214/214456.926:ERROR:process_reader_win.cc(151)] SuspendThread: Отказано в доступе. (0x5)
[1214/214456.926:ERROR:process_reader_win.cc(151)] SuspendThread: Отказано в доступе. (0x5)
[1214/214456.926:ERROR:process_reader_win.cc(151)] SuspendThread: Отказано в доступе. (0x5)
[1214/214456.926:ERROR:process_reader_win.cc(123)] NtOpenThread: {Отказано в доступе} Процесс запросил доступ к объекту, но права на доступ не предоставлены. (0xc0000022)
[1214/214456.926:ERROR:exception_snapshot_win.cc(99)] thread ID 7892 not found in process
[1214/214456.973:ERROR:process_reader_win.cc(151)] SuspendThread: Отказано в доступе. (0x5)
[1214/214456.973:ERROR:process_reader_win.cc(151)] SuspendThread: Отказано в доступе. (0x5)
[1214/214456.973:ERROR:process_reader_win.cc(151)] SuspendThread: Отказано в доступе. (0x5)
[1214/214456.973:ERROR:process_reader_win.cc(151)] SuspendThread: Отказано в доступе. (0x5)
[1214/214456.973:ERROR:process_reader_win.cc(151)] SuspendThread: Отказано в доступе. (0x5)
[1214/214456.973:ERROR:process_reader_win.cc(151)] SuspendThread: Отказано в доступе. (0x5)
[1214/214456.973:ERROR:process_reader_win.cc(151)] SuspendThread: Отказано в доступе. (0x5)
[1214/214456.973:ERROR:process_reader_win.cc(151)] SuspendThread: Отказано в доступе. (0x5)
[1214/214456.973:ERROR:process_reader_win.cc(151)] SuspendThread: Отказано в доступе. (0x5)
[1214/214456.973:ERROR:process_reader_win.cc(151)] SuspendThread: Отказано в доступе. (0x5)
[1214/214456.973:ERROR:process_reader_win.cc(151)] SuspendThread: Отказано в доступе. (0x5)
[1214/214456.973:ERROR:process_reader_win.cc(151)] SuspendThread: Отказано в доступе. (0x5)
[1214/214456.973:ERROR:process_reader_win.cc(151)] SuspendThread: Отказано в доступе. (0x5)
[1214/214456.973:ERROR:process_reader_win.cc(151)] SuspendThread: Отказано в доступе. (0x5)
[1214/214456.973:ERROR:process_reader_win.cc(151)] SuspendThread: Отказано в доступе. (0x5)
[1214/214456.973:ERROR:process_reader_win.cc(151)] SuspendThread: Отказано в доступе. (0x5)
[1214/214456.973:ERROR:process_reader_win.cc(151)] SuspendThread: Отказано в доступе. (0x5)
[1214/214456.973:ERROR:process_reader_win.cc(151)] SuspendThread: Отказано в доступе. (0x5)
[1214/214456.973:ERROR:process_reader_win.cc(151)] SuspendThread: Отказано в доступе. (0x5)
[1214/214456.973:ERROR:process_reader_win.cc(123)] NtOpenThread: {Отказано в доступе} Процесс запросил доступ к объекту, но права на доступ не предоставлены. (0xc0000022)
[1214/214456.973:ERROR:exception_snapshot_win.cc(99)] thread ID 1880 not found in process
[1214/214456.988:ERROR:process_reader_win.cc(123)] NtOpenThread: {Отказано в доступе} Процесс запросил доступ к объекту, но права на доступ не предоставлены. (0xc0000022)
[1214/214456.988:ERROR:exception_snapshot_win.cc(99)] thread ID 13984 not found in process
[1215/102056.641:ERROR:directory_reader_win.cc(43)] FindFirstFile: Системе не удается найти указанный путь. (0x3)
[1215/215428.903:ERROR:process_info.cc(329)] VirtualQueryEx: Отказано в доступе. (0x5)
[1215/215428.903:ERROR:process_info.cc(556)] ReadMemoryInfo failed
[1215/215428.903:ERROR:scoped_process_suspend.cc(40)] NtResumeProcess: Попытка доступа к процессу, выполняющему процедуру завершения. (0xc000010a)
[1216/103751.723:ERROR:directory_reader_win.cc(43)] FindFirstFile: Системе не удается найти указанный путь. (0x3)
[1216/212327.387:ERROR:process_reader_win.cc(151)] SuspendThread: Отказано в доступе. (0x5)
[1216/212327.389:ERROR:process_reader_win.cc(151)] SuspendThread: Отказано в доступе. (0x5)
[1216/212327.389:ERROR:process_reader_win.cc(151)] SuspendThread: Отказано в доступе. (0x5)
[1216/212327.389:ERROR:process_reader_win.cc(151)] SuspendThread: Отказано в доступе. (0x5)
[1216/212327.389:ERROR:process_reader_win.cc(151)] SuspendThread: Отказано в доступе. (0x5)
[1216/212327.390:ERROR:process_reader_win.cc(151)] SuspendThread: Отказано в доступе. (0x5)
[1216/212327.390:ERROR:process_reader_win.cc(151)] SuspendThread: Отказано в доступе. (0x5)
[1216/212327.390:ERROR:process_reader_win.cc(151)] SuspendThread: Отказано в доступе. (0x5)
[1216/212327.391:ERROR:process_reader_win.cc(151)] SuspendThread: Отказано в доступе. (0x5)
[1216/212327.391:ERROR:process_reader_win.cc(151)] SuspendThread: Отказано в доступе. (0x5)
[1216/212327.391:ERROR:process_reader_win.cc(151)] SuspendThread: Отказано в доступе. (0x5)
[1216/212327.392:ERROR:process_reader_win.cc(151)] SuspendThread: Отказано в доступе. (0x5)
[1216/212327.392:ERROR:process_reader_win.cc(123)] NtOpenThread: {Отказано в доступе} Процесс запросил доступ к объекту, но права на доступ не предоставлены. (0xc0000022)
[1216/212327.396:ERROR:exception_snapshot_win.cc(99)] thread ID 6004 not found in process
[1216/212327.566:ERROR:process_reader_win.cc(151)] SuspendThread: Отказано в доступе. (0x5)
[1216/212327.566:ERROR:process_reader_win.cc(151)] SuspendThread: Отказано в доступе. (0x5)
[1216/212327.566:ERROR:process_reader_win.cc(151)] SuspendThread: Отказано в доступе. (0x5)
[1216/212327.567:ERROR:process_reader_win.cc(151)] SuspendThread: Отказано в доступе. (0x5)
[1216/212327.567:ERROR:process_reader_win.cc(151)] SuspendThread: Отказано в доступе. (0x5)
[1216/212327.567:ERROR:process_reader_win.cc(151)] SuspendThread: Отказано в доступе. (0x5)
[1216/212327.567:ERROR:process_reader_win.cc(151)] SuspendThread: Отказано в доступе. (0x5)
[1216/212327.570:ERROR:process_reader_win.cc(151)] SuspendThread: Отказано в доступе. (0x5)
[1216/212327.570:ERROR:process_reader_win.cc(151)] SuspendThread: Отказано в доступе. (0x5)
[1216/212327.570:ERROR:process_reader_win.cc(151)] SuspendThread: Отказано в доступе. (0x5)
[1216/212327.571:ERROR:process_reader_win.cc(151)] SuspendThread: Отказано в доступе. (0x5)
[1216/212327.571:ERROR:process_reader_win.cc(151)] SuspendThread: Отказано в доступе. (0x5)
[1216/212327.571:ERROR:process_reader_win.cc(151)] SuspendThread: Отказано в доступе. (0x5)
[1216/212327.571:ERROR:process_reader_win.cc(151)] SuspendThread: Отказано в доступе. (0x5)
[1216/212327.571:ERROR:process_reader_win.cc(151)] SuspendThread: Отказано в доступе. (0x5)
[1216/212327.572:ERROR:process_reader_win.cc(151)] SuspendThread: Отказано в доступе. (0x5)
[1216/212327.572:ERROR:process_reader_win.cc(151)] SuspendThread: Отказано в доступе. (0x5)
[1216/212327.573:ERROR:process_reader_win.cc(151)] SuspendThread: Отказано в доступе. (0x5)
[1216/212327.574:ERROR:process_reader_win.cc(151)] SuspendThread: Отказано в доступе. (0x5)
[1216/212327.574:ERROR:process_reader_win.cc(151)] SuspendThread: Отказано в доступе. (0x5)
[1216/212327.575:ERROR:process_reader_win.cc(123)] NtOpenThread: {Отказано в доступе} Процесс запросил доступ к объекту, но права на доступ не предоставлены. (0xc0000022)
[1216/212327.575:ERROR:exception_snapshot_win.cc(99)] thread ID 2108 not found in process
[1217/103615.449:ERROR:directory_reader_win.cc(43)] FindFirstFile: Системе не удается найти указанный путь. (0x3)
[1218/100939.293:ERROR:directory_reader_win.cc(43)] FindFirstFile: Системе не удается найти указанный путь. (0x3)
[1219/092750.222:ERROR:directory_reader_win.cc(43)] FindFirstFile: Системе не удается найти указанный путь. (0x3)
[1219/101038.238:ERROR:process_reader_win.cc(151)] SuspendThread: Отказано в доступе. (0x5)
[1219/101038.238:ERROR:process_reader_win.cc(151)] SuspendThread: Отказано в доступе. (0x5)
[1219/101038.238:ERROR:process_reader_win.cc(123)] NtOpenThread: {Отказано в доступе} Процесс запросил доступ к объекту, но права на доступ не предоставлены. (0xc0000022)
[1219/101038.246:ERROR:exception_snapshot_win.cc(99)] thread ID 1840 not found in process
[1219/101038.686:ERROR:process_reader_win.cc(151)] SuspendThread: Отказано в доступе. (0x5)
[1219/101038.686:ERROR:process_reader_win.cc(151)] SuspendThread: Отказано в доступе. (0x5)
[1219/101038.686:ERROR:process_reader_win.cc(151)] SuspendThread: Отказано в доступе. (0x5)
[1219/101038.686:ERROR:process_reader_win.cc(151)] SuspendThread: Отказано в доступе. (0x5)
[1219/101038.686:ERROR:process_reader_win.cc(151)] SuspendThread: Отказано в доступе. (0x5)
[1219/101038.686:ERROR:process_reader_win.cc(151)] SuspendThread: Отказано в доступе. (0x5)
[1219/101038.686:ERROR:process_reader_win.cc(151)] SuspendThread: Отказано в доступе. (0x5)
[1219/101038.690:ERROR:process_reader_win.cc(151)] SuspendThread: Отказано в доступе. (0x5)
[1219/101038.690:ERROR:process_reader_win.cc(151)] SuspendThread: Отказано в доступе. (0x5)
[1219/101038.690:ERROR:process_reader_win.cc(151)] SuspendThread: Отказано в доступе. (0x5)
[1219/101038.690:ERROR:process_reader_win.cc(123)] NtOpenThread: {Отказано в доступе} Процесс запросил доступ к объекту, но права на доступ не предоставлены. (0xc0000022)
[1219/101038.690:ERROR:exception_snapshot_win.cc(99)] thread ID 944 not found in process
[1219/101038.698:ERROR:process_reader_win.cc(151)] SuspendThread: Отказано в доступе. (0x5)
[1219/101038.698:ERROR:process_reader_win.cc(151)] SuspendThread: Отказано в доступе. (0x5)
[1219/101038.698:ERROR:process_reader_win.cc(151)] SuspendThread: Отказано в доступе. (0x5)
[1219/101038.698:ERROR:process_reader_win.cc(151)] SuspendThread: Отказано в доступе. (0x5)
[1219/101038.698:ERROR:process_reader_win.cc(151)] SuspendThread: Отказано в доступе. (0x5)
[1219/101038.698:ERROR:process_reader_win.cc(151)] SuspendThread: Отказано в доступе. (0x5)
[1219/101038.698:ERROR:process_reader_win.cc(151)] SuspendThread: Отказано в доступе. (0x5)
[1219/101038.698:ERROR:process_reader_win.cc(151)] SuspendThread: Отказано в доступе. (0x5)
[1219/101038.698:ERROR:process_reader_win.cc(151)] SuspendThread: Отказано в доступе. (0x5)
[1219/101038.698:ERROR:process_reader_win.cc(151)] SuspendThread: Отказано в доступе. (0x5)
[1219/101038.698:ERROR:process_reader_win.cc(151)] SuspendThread: Отказано в доступе. (0x5)
[1219/101038.698:ERROR:process_reader_win.cc(151)] SuspendThread: Отказано в доступе. (0x5)
[1219/101038.698:ERROR:process_reader_win.cc(151)] SuspendThread: Отказано в доступе. (0x5)
[1219/101038.698:ERROR:process_reader_win.cc(151)] SuspendThread: Отказано в доступе. (0x5)
[1219/101038.698:ERROR:process_reader_win.cc(151)] SuspendThread: Отказано в доступе. (0x5)
[1219/101038.698:ERROR:process_reader_win.cc(151)] SuspendThread: Отказано в доступе. (0x5)
[1219/101038.698:ERROR:process_reader_win.cc(123)] NtOpenThread: {Отказано в доступе} Процесс запросил доступ к объекту, но права на доступ не предоставлены. (0xc0000022)
[1219/101038.698:ERROR:exception_snapshot_win.cc(99)] thread ID 7148 not found in process
[1219/101038.759:ERROR:process_reader_win.cc(151)] SuspendThread: Отказано в доступе. (0x5)
[1219/101038.759:ERROR:process_reader_win.cc(151)] SuspendThread: Отказано в доступе. (0x5)
[1219/101038.759:ERROR:process_reader_win.cc(151)] SuspendThread: Отказано в доступе. (0x5)
[1219/101038.759:ERROR:process_reader_win.cc(151)] SuspendThread: Отказано в доступе. (0x5)
[1219/101038.759:ERROR:process_reader_win.cc(151)] SuspendThread: Отказано в доступе. (0x5)
[1219/101038.759:ERROR:process_reader_win.cc(151)] SuspendThread: Отказано в доступе. (0x5)
[1219/101038.759:ERROR:process_reader_win.cc(151)] SuspendThread: Отказано в доступе. (0x5)
[1219/101038.759:ERROR:process_reader_win.cc(151)] SuspendThread: Отказано в доступе. (0x5)
[1219/101038.759:ERROR:process_reader_win.cc(151)] SuspendThread: Отказано в доступе. (0x5)
[1219/101038.759:ERROR:process_reader_win.cc(151)] SuspendThread: Отказано в доступе. (0x5)
[1219/101038.759:ERROR:process_reader_win.cc(123)] NtOpenThread: {Отказано в доступе} Процесс запросил доступ к объекту, но права на доступ не предоставлены. (0xc0000022)
[1219/101038.759:ERROR:exception_snapshot_win.cc(99)] thread ID 12672 not found in process
[1219/130449.760:ERROR:directory_reader_win.cc(43)] FindFirstFile: Системе не удается найти указанный путь. (0x3)
